# JRE version: OpenJDK Runtime Environment (11.0.10) (build 11.0.10+0-b96-7249189)
# Java VM: OpenJDK 64-Bit Server VM (11.0.10+0-b96-7249189, mixed mode, tiered, compressed oops, g1 gc, windows-amd64)
Heap:
 garbage-first heap   total 776192K, used 164988K [0x0000000080000000, 0x0000000100000000)
  region size 1024K, 3 young (3072K), 3 survivors (3072K)
 Metaspace       used 119251K, capacity 122381K, committed 122532K, reserved 1155072K
  class space    used 14985K, capacity 16212K, committed 16256K, reserved 1048576K
GC Heap History (20 events):
Event: 1742.742 GC heap after
{Heap after GC invocations=142 (full 0):
 garbage-first heap   total 428032K, used 131072K [0x0000000080000000, 0x0000000100000000)
  region size 1024K, 3 young (3072K), 3 survivors (3072K)
 Metaspace       used 119245K, capacity 122381K, committed 122532K, reserved 1155072K
  class space    used 14984K, capacity 16212K, committed 16256K, reserved 1048576K
}
Event: 1743.030 GC heap before
{Heap before GC invocations=142 (full 0):
 garbage-first heap   total 428032K, used 148480K [0x0000000080000000, 0x0000000100000000)
  region size 1024K, 20 young (20480K), 3 survivors (3072K)
 Metaspace       used 119247K, capacity 122381K, committed 122532K, reserved 1155072K
  class space    used 14984K, capacity 16212K, committed 16256K, reserved 1048576K
}
Event: 1743.767 GC heap after
{Heap after GC invocations=143 (full 0):
 garbage-first heap   total 428032K, used 141311K [0x0000000080000000, 0x0000000100000000)
  region size 1024K, 3 young (3072K), 3 survivors (3072K)
 Metaspace       used 119247K, capacity 122381K, committed 122532K, reserved 1155072K
  class space    used 14984K, capacity 16212K, committed 16256K, reserved 1048576K
}
Event: 1744.722 GC heap before
{Heap before GC invocations=144 (full 0):
 garbage-first heap   total 428032K, used 158719K [0x0000000080000000, 0x0000000100000000)
  region size 1024K, 20 young (20480K), 3 survivors (3072K)
 Metaspace       used 119248K, capacity 122381K, committed 122532K, reserved 1155072K
  class space    used 14984K, capacity 16212K, committed 16256K, reserved 1048576K
}
Event: 1744.799 GC heap after
{Heap after GC invocations=145 (full 0):
 garbage-first heap   total 428032K, used 150656K [0x0000000080000000, 0x0000000100000000)
  region size 1024K, 3 young (3072K), 3 survivors (3072K)
 Metaspace       used 119248K, capacity 122381K, committed 122532K, reserved 1155072K
  class space    used 14984K, capacity 16212K, committed 16256K, reserved 1048576K
}
Event: 1744.968 GC heap before
{Heap before GC invocations=145 (full 0):
 garbage-first heap   total 428032K, used 167040K [0x0000000080000000, 0x0000000100000000)
  region size 1024K, 20 young (20480K), 3 survivors (3072K)
 Metaspace       used 119248K, capacity 122381K, committed 122532K, reserved 1155072K
  class space    used 14984K, capacity 16212K, committed 16256K, reserved 1048576K
}
Event: 1745.186 GC heap after
{Heap after GC invocations=146 (full 0):
 garbage-first heap   total 428032K, used 151552K [0x0000000080000000, 0x0000000100000000)
  region size 1024K, 3 young (3072K), 3 survivors (3072K)
 Metaspace       used 119248K, capacity 122381K, committed 122532K, reserved 1155072K
  class space    used 14984K, capacity 16212K, committed 16256K, reserved 1048576K
}
Event: 1745.834 GC heap before
{Heap before GC invocations=146 (full 0):
 garbage-first heap   total 428032K, used 168960K [0x0000000080000000, 0x0000000100000000)
  region size 1024K, 20 young (20480K), 3 survivors (3072K)
 Metaspace       used 119249K, capacity 122381K, committed 122532K, reserved 1155072K
  class space    used 14985K, capacity 16212K, committed 16256K, reserved 1048576K
}
Event: 1745.901 GC heap after
{Heap after GC invocations=147 (full 0):
 garbage-first heap   total 428032K, used 155136K [0x0000000080000000, 0x0000000100000000)
  region size 1024K, 3 young (3072K), 3 survivors (3072K)
 Metaspace       used 119249K, capacity 122381K, committed 122532K, reserved 1155072K
  class space    used 14985K, capacity 16212K, committed 16256K, reserved 1048576K
}
Event: 1746.225 GC heap before
{Heap before GC invocations=147 (full 0):
 garbage-first heap   total 428032K, used 171520K [0x0000000080000000, 0x0000000100000000)
  region size 1024K, 20 young (20480K), 3 survivors (3072K)
 Metaspace       used 119249K, capacity 122381K, committed 122532K, reserved 1155072K
  class space    used 14985K, capacity 16212K, committed 16256K, reserved 1048576K
}
Event: 1746.642 GC heap after
{Heap after GC invocations=148 (full 0):
 garbage-first heap   total 428032K, used 160692K [0x0000000080000000, 0x0000000100000000)
  region size 1024K, 3 young (3072K), 3 survivors (3072K)
 Metaspace       used 119249K, capacity 122381K, committed 122532K, reserved 1155072K
  class space    used 14985K, capacity 16212K, committed 16256K, reserved 1048576K
}
Event: 1747.284 GC heap before
{Heap before GC invocations=149 (full 0):
 garbage-first heap   total 428032K, used 171956K [0x0000000080000000, 0x0000000100000000)
  region size 1024K, 20 young (20480K), 3 survivors (3072K)
 Metaspace       used 119251K, capacity 122381K, committed 122532K, reserved 1155072K
  class space    used 14985K, capacity 16212K, committed 16256K, reserved 1048576K
}
Event: 1747.329 GC heap after
{Heap after GC invocations=150 (full 0):
 garbage-first heap   total 428032K, used 159221K [0x0000000080000000, 0x0000000100000000)
  region size 1024K, 3 young (3072K), 3 survivors (3072K)
 Metaspace       used 119251K, capacity 122381K, committed 122532K, reserved 1155072K
  class space    used 14985K, capacity 16212K, committed 16256K, reserved 1048576K
}
Event: 1747.939 GC heap before
{Heap before GC invocations=150 (full 0):
 garbage-first heap   total 428032K, used 178677K [0x0000000080000000, 0x0000000100000000)
  region size 1024K, 20 young (20480K), 3 survivors (3072K)
 Metaspace       used 119251K, capacity 122381K, committed 122532K, reserved 1155072K
  class space    used 14985K, capacity 16212K, committed 16256K, reserved 1048576K
}
Event: 1748.378 GC heap after
{Heap after GC invocations=151 (full 0):
 garbage-first heap   total 428032K, used 160768K [0x0000000080000000, 0x0000000100000000)
  region size 1024K, 3 young (3072K), 3 survivors (3072K)
 Metaspace       used 119251K, capacity 122381K, committed 122532K, reserved 1155072K
  class space    used 14985K, capacity 16212K, committed 16256K, reserved 1048576K
}
Event: 1748.428 GC heap before
{Heap before GC invocations=151 (full 0):
 garbage-first heap   total 428032K, used 166912K [0x0000000080000000, 0x0000000100000000)
  region size 1024K, 11 young (11264K), 3 survivors (3072K)
 Metaspace       used 119251K, capacity 122381K, committed 122532K, reserved 1155072K
  class space    used 14985K, capacity 16212K, committed 16256K, reserved 1048576K
}
Event: 1748.438 GC heap after
{Heap after GC invocations=152 (full 0):
 garbage-first heap   total 428032K, used 163008K [0x0000000080000000, 0x0000000100000000)
  region size 1024K, 3 young (3072K), 3 survivors (3072K)
 Metaspace       used 119251K, capacity 122381K, committed 122532K, reserved 1155072K
  class space    used 14985K, capacity 16212K, committed 16256K, reserved 1048576K
}
Event: 1749.253 GC heap before
{Heap before GC invocations=153 (full 0):
 garbage-first heap   total 428032K, used 181440K [0x0000000080000000, 0x0000000100000000)
  region size 1024K, 20 young (20480K), 3 survivors (3072K)
 Metaspace       used 119251K, capacity 122381K, committed 122532K, reserved 1155072K
  class space    used 14985K, capacity 16212K, committed 16256K, reserved 1048576K
}
Event: 1749.397 GC heap after
{Heap after GC invocations=154 (full 0):
 garbage-first heap   total 428032K, used 167936K [0x0000000080000000, 0x0000000100000000)
  region size 1024K, 3 young (3072K), 3 survivors (3072K)
 Metaspace       used 119251K, capacity 122381K, committed 122532K, reserved 1155072K
  class space    used 14985K, capacity 16212K, committed 16256K, reserved 1048576K
}
Event: 1749.430 GC heap before
{Heap before GC invocations=154 (full 0):
 garbage-first heap   total 428032K, used 185344K [0x0000000080000000, 0x0000000100000000)
  region size 1024K, 20 young (20480K), 3 survivors (3072K)
 Metaspace       used 119251K, capacity 122381K, committed 122532K, reserved 1155072K
  class space    used 14985K, capacity 16212K, committed 16256K, reserved 1048576K
}

