# JRE version: OpenJDK Runtime Environment (11.0.10) (build 11.0.10+0-b96-7249189)
# Java VM: OpenJDK 64-Bit Server VM (11.0.10+0-b96-7249189, mixed mode, tiered, compressed oops, g1 gc, windows-amd64)
Heap:
 garbage-first heap   total 741376K, used 363741K [0x0000000080000000, 0x0000000100000000)
  region size 1024K, 3 young (3072K), 3 survivors (3072K)
 Metaspace       used 123577K, capacity 126771K, committed 126972K, reserved 1159168K
  class space    used 15241K, capacity 16452K, committed 16512K, reserved 1048576K
GC Heap History (20 events):
Event: 2938.322 GC heap after
{Heap after GC invocations=154 (full 0):
 garbage-first heap   total 401408K, used 321145K [0x0000000080000000, 0x0000000100000000)
  region size 1024K, 2 young (2048K), 2 survivors (2048K)
 Metaspace       used 123249K, capacity 126632K, committed 126716K, reserved 1159168K
  class space    used 15237K, capacity 16451K, committed 16512K, reserved 1048576K
}
Event: 2939.449 GC heap before
{Heap before GC invocations=154 (full 0):
 garbage-first heap   total 401408K, used 340601K [0x0000000080000000, 0x0000000100000000)
  region size 1024K, 22 young (22528K), 2 survivors (2048K)
 Metaspace       used 123264K, capacity 126632K, committed 126716K, reserved 1159168K
  class space    used 15237K, capacity 16451K, committed 16512K, reserved 1048576K
}
Event: 2939.500 GC heap after
{Heap after GC invocations=155 (full 0):
 garbage-first heap   total 401408K, used 321818K [0x0000000080000000, 0x0000000100000000)
  region size 1024K, 3 young (3072K), 3 survivors (3072K)
 Metaspace       used 123264K, capacity 126632K, committed 126716K, reserved 1159168K
  class space    used 15237K, capacity 16451K, committed 16512K, reserved 1048576K
}
Event: 2949.264 GC heap before
{Heap before GC invocations=155 (full 0):
 garbage-first heap   total 401408K, used 344346K [0x0000000080000000, 0x0000000100000000)
  region size 1024K, 24 young (24576K), 3 survivors (3072K)
 Metaspace       used 123349K, capacity 126636K, committed 126716K, reserved 1159168K
  class space    used 15237K, capacity 16451K, committed 16512K, reserved 1048576K
}
Event: 2949.471 GC heap after
{Heap after GC invocations=156 (full 0):
 garbage-first heap   total 401408K, used 327200K [0x0000000080000000, 0x0000000100000000)
  region size 1024K, 3 young (3072K), 3 survivors (3072K)
 Metaspace       used 123349K, capacity 126636K, committed 126716K, reserved 1159168K
  class space    used 15237K, capacity 16451K, committed 16512K, reserved 1048576K
}
Event: 2950.807 GC heap before
{Heap before GC invocations=156 (full 0):
 garbage-first heap   total 401408K, used 346656K [0x0000000080000000, 0x0000000100000000)
  region size 1024K, 22 young (22528K), 3 survivors (3072K)
 Metaspace       used 123463K, capacity 126700K, committed 126972K, reserved 1159168K
  class space    used 15240K, capacity 16451K, committed 16512K, reserved 1048576K
}
Event: 2950.957 GC heap after
{Heap after GC invocations=157 (full 0):
 garbage-first heap   total 401408K, used 330114K [0x0000000080000000, 0x0000000100000000)
  region size 1024K, 3 young (3072K), 3 survivors (3072K)
 Metaspace       used 123463K, capacity 126700K, committed 126972K, reserved 1159168K
  class space    used 15240K, capacity 16451K, committed 16512K, reserved 1048576K
}
Event: 2955.109 GC heap before
{Heap before GC invocations=157 (full 0):
 garbage-first heap   total 401408K, used 351618K [0x0000000080000000, 0x0000000100000000)
  region size 1024K, 21 young (21504K), 3 survivors (3072K)
 Metaspace       used 123476K, capacity 126701K, committed 126972K, reserved 1159168K
  class space    used 15240K, capacity 16451K, committed 16512K, reserved 1048576K
}
Event: 2955.405 GC heap after
{Heap after GC invocations=158 (full 0):
 garbage-first heap   total 401408K, used 336124K [0x0000000080000000, 0x0000000100000000)
  region size 1024K, 3 young (3072K), 3 survivors (3072K)
 Metaspace       used 123476K, capacity 126701K, committed 126972K, reserved 1159168K
  class space    used 15240K, capacity 16451K, committed 16512K, reserved 1048576K
}
Event: 2955.646 GC heap before
{Heap before GC invocations=158 (full 0):
 garbage-first heap   total 401408K, used 351484K [0x0000000080000000, 0x0000000100000000)
  region size 1024K, 19 young (19456K), 3 survivors (3072K)
 Metaspace       used 123481K, capacity 126702K, committed 126972K, reserved 1159168K
  class space    used 15240K, capacity 16451K, committed 16512K, reserved 1048576K
}
Event: 2955.714 GC heap after
{Heap after GC invocations=159 (full 0):
 garbage-first heap   total 401408K, used 342016K [0x0000000080000000, 0x0000000100000000)
  region size 1024K, 3 young (3072K), 3 survivors (3072K)
 Metaspace       used 123481K, capacity 126702K, committed 126972K, reserved 1159168K
  class space    used 15240K, capacity 16451K, committed 16512K, reserved 1048576K
}
Event: 2957.230 GC heap before
{Heap before GC invocations=159 (full 0):
 garbage-first heap   total 401408K, used 358400K [0x0000000080000000, 0x0000000100000000)
  region size 1024K, 19 young (19456K), 3 survivors (3072K)
 Metaspace       used 123507K, capacity 126703K, committed 126972K, reserved 1159168K
  class space    used 15240K, capacity 16451K, committed 16512K, reserved 1048576K
}
Event: 2957.461 GC heap after
{Heap after GC invocations=160 (full 0):
 garbage-first heap   total 401408K, used 344361K [0x0000000080000000, 0x0000000100000000)
  region size 1024K, 3 young (3072K), 3 survivors (3072K)
 Metaspace       used 123507K, capacity 126703K, committed 126972K, reserved 1159168K
  class space    used 15240K, capacity 16451K, committed 16512K, reserved 1048576K
}
Event: 2958.421 GC heap before
{Heap before GC invocations=160 (full 0):
 garbage-first heap   total 401408K, used 359721K [0x0000000080000000, 0x0000000100000000)
  region size 1024K, 19 young (19456K), 3 survivors (3072K)
 Metaspace       used 123565K, capacity 126768K, committed 126972K, reserved 1159168K
  class space    used 15241K, capacity 16451K, committed 16512K, reserved 1048576K
}
Event: 2958.620 GC heap after
{Heap after GC invocations=161 (full 0):
 garbage-first heap   total 401408K, used 345984K [0x0000000080000000, 0x0000000100000000)
  region size 1024K, 2 young (2048K), 2 survivors (2048K)
 Metaspace       used 123565K, capacity 126768K, committed 126972K, reserved 1159168K
  class space    used 15241K, capacity 16451K, committed 16512K, reserved 1048576K
}
Event: 2960.084 GC heap before
{Heap before GC invocations=161 (full 0):
 garbage-first heap   total 401408K, used 362368K [0x0000000080000000, 0x0000000100000000)
  region size 1024K, 19 young (19456K), 2 survivors (2048K)
 Metaspace       used 123572K, capacity 126768K, committed 126972K, reserved 1159168K
  class space    used 15241K, capacity 16451K, committed 16512K, reserved 1048576K
}
Event: 2960.090 GC heap after
{Heap after GC invocations=162 (full 0):
 garbage-first heap   total 401408K, used 347398K [0x0000000080000000, 0x0000000100000000)
  region size 1024K, 3 young (3072K), 3 survivors (3072K)
 Metaspace       used 123572K, capacity 126768K, committed 126972K, reserved 1159168K
  class space    used 15241K, capacity 16451K, committed 16512K, reserved 1048576K
}
Event: 2962.089 GC heap before
{Heap before GC invocations=162 (full 0):
 garbage-first heap   total 401408K, used 356614K [0x0000000080000000, 0x0000000100000000)
  region size 1024K, 8 young (8192K), 3 survivors (3072K)
 Metaspace       used 123577K, capacity 126771K, committed 126972K, reserved 1159168K
  class space    used 15241K, capacity 16452K, committed 16512K, reserved 1048576K
}
Event: 2962.894 GC heap after
{Heap after GC invocations=163 (full 0):
 garbage-first heap   total 401408K, used 349545K [0x0000000080000000, 0x0000000100000000)
  region size 1024K, 1 young (1024K), 1 survivors (1024K)
 Metaspace       used 123577K, capacity 126771K, committed 126972K, reserved 1159168K
  class space    used 15241K, capacity 16452K, committed 16512K, reserved 1048576K
}
Event: 2963.241 GC heap before
{Heap before GC invocations=163 (full 0):
 garbage-first heap   total 401408K, used 377193K [0x0000000080000000, 0x0000000100000000)
  region size 1024K, 19 young (19456K), 1 survivors (1024K)
 Metaspace       used 123577K, capacity 126771K, committed 126972K, reserved 1159168K
  class space    used 15241K, capacity 16452K, committed 16512K, reserved 1048576K
}

