# JRE version: OpenJDK Runtime Environment (11.0.10) (build 11.0.10+0-b96-7249189)
# Java VM: OpenJDK 64-Bit Server VM (11.0.10+0-b96-7249189, mixed mode, tiered, compressed oops, g1 gc, windows-amd64)
Heap:
 garbage-first heap   total 477184K, used 165120K [0x0000000080000000, 0x0000000100000000)
  region size 1024K, 4 young (4096K), 4 survivors (4096K)
 Metaspace       used 119948K, capacity 123267K, committed 123428K, reserved 1157120K
  class space    used 15099K, capacity 16376K, committed 16384K, reserved 1048576K
GC Heap History (20 events):
Event: 722.907 GC heap after
{Heap after GC invocations=123 (full 0):
 garbage-first heap   total 304128K, used 143468K [0x0000000080000000, 0x0000000100000000)
  region size 1024K, 5 young (5120K), 5 survivors (5120K)
 Metaspace       used 119814K, capacity 123072K, committed 123172K, reserved 1157120K
  class space    used 15089K, capacity 16357K, committed 16384K, reserved 1048576K
}
Event: 728.442 GC heap before
{Heap before GC invocations=124 (full 0):
 garbage-first heap   total 304128K, used 183404K [0x0000000080000000, 0x0000000100000000)
  region size 1024K, 61 young (62464K), 5 survivors (5120K)
 Metaspace       used 119918K, capacity 123266K, committed 123428K, reserved 1157120K
  class space    used 15099K, capacity 16376K, committed 16384K, reserved 1048576K
}
Event: 728.658 GC heap after
{Heap after GC invocations=125 (full 0):
 garbage-first heap   total 304128K, used 135832K [0x0000000080000000, 0x0000000100000000)
  region size 1024K, 8 young (8192K), 8 survivors (8192K)
 Metaspace       used 119918K, capacity 123266K, committed 123428K, reserved 1157120K
  class space    used 15099K, capacity 16376K, committed 16384K, reserved 1048576K
}
Event: 728.827 GC heap before
{Heap before GC invocations=125 (full 0):
 garbage-first heap   total 304128K, used 140952K [0x0000000080000000, 0x0000000100000000)
  region size 1024K, 14 young (14336K), 8 survivors (8192K)
 Metaspace       used 119918K, capacity 123266K, committed 123428K, reserved 1157120K
  class space    used 15099K, capacity 16376K, committed 16384K, reserved 1048576K
}
Event: 728.887 GC heap after
{Heap after GC invocations=126 (full 0):
 garbage-first heap   total 304128K, used 129024K [0x0000000080000000, 0x0000000100000000)
  region size 1024K, 2 young (2048K), 2 survivors (2048K)
 Metaspace       used 119918K, capacity 123266K, committed 123428K, reserved 1157120K
  class space    used 15099K, capacity 16376K, committed 16384K, reserved 1048576K
}
Event: 729.186 GC heap before
{Heap before GC invocations=126 (full 0):
 garbage-first heap   total 304128K, used 175104K [0x0000000080000000, 0x0000000100000000)
  region size 1024K, 47 young (48128K), 2 survivors (2048K)
 Metaspace       used 119921K, capacity 123267K, committed 123428K, reserved 1157120K
  class space    used 15099K, capacity 16376K, committed 16384K, reserved 1048576K
}
Event: 729.271 GC heap after
{Heap after GC invocations=127 (full 0):
 garbage-first heap   total 304128K, used 152576K [0x0000000080000000, 0x0000000100000000)
  region size 1024K, 6 young (6144K), 6 survivors (6144K)
 Metaspace       used 119921K, capacity 123267K, committed 123428K, reserved 1157120K
  class space    used 15099K, capacity 16376K, committed 16384K, reserved 1048576K
}
Event: 730.754 GC heap before
{Heap before GC invocations=128 (full 0):
 garbage-first heap   total 304128K, used 178176K [0x0000000080000000, 0x0000000100000000)
  region size 1024K, 36 young (36864K), 6 survivors (6144K)
 Metaspace       used 119924K, capacity 123267K, committed 123428K, reserved 1157120K
  class space    used 15099K, capacity 16376K, committed 16384K, reserved 1048576K
}
Event: 730.835 GC heap after
{Heap after GC invocations=129 (full 0):
 garbage-first heap   total 304128K, used 153600K [0x0000000080000000, 0x0000000100000000)
  region size 1024K, 5 young (5120K), 5 survivors (5120K)
 Metaspace       used 119924K, capacity 123267K, committed 123428K, reserved 1157120K
  class space    used 15099K, capacity 16376K, committed 16384K, reserved 1048576K
}
Event: 730.918 GC heap before
{Heap before GC invocations=129 (full 0):
 garbage-first heap   total 304128K, used 162816K [0x0000000080000000, 0x0000000100000000)
  region size 1024K, 14 young (14336K), 5 survivors (5120K)
 Metaspace       used 119925K, capacity 123267K, committed 123428K, reserved 1157120K
  class space    used 15099K, capacity 16376K, committed 16384K, reserved 1048576K
}
Event: 730.990 GC heap after
{Heap after GC invocations=130 (full 0):
 garbage-first heap   total 304128K, used 147968K [0x0000000080000000, 0x0000000100000000)
  region size 1024K, 2 young (2048K), 2 survivors (2048K)
 Metaspace       used 119925K, capacity 123267K, committed 123428K, reserved 1157120K
  class space    used 15099K, capacity 16376K, committed 16384K, reserved 1048576K
}
Event: 731.048 GC heap before
{Heap before GC invocations=130 (full 0):
 garbage-first heap   total 304128K, used 153088K [0x0000000080000000, 0x0000000100000000)
  region size 1024K, 8 young (8192K), 2 survivors (2048K)
 Metaspace       used 119925K, capacity 123267K, committed 123428K, reserved 1157120K
  class space    used 15099K, capacity 16376K, committed 16384K, reserved 1048576K
}
Event: 731.080 GC heap after
{Heap after GC invocations=131 (full 0):
 garbage-first heap   total 304128K, used 150016K [0x0000000080000000, 0x0000000100000000)
  region size 1024K, 4 young (4096K), 4 survivors (4096K)
 Metaspace       used 119925K, capacity 123267K, committed 123428K, reserved 1157120K
  class space    used 15099K, capacity 16376K, committed 16384K, reserved 1048576K
}
Event: 732.031 GC heap before
{Heap before GC invocations=132 (full 0):
 garbage-first heap   total 304128K, used 194048K [0x0000000080000000, 0x0000000100000000)
  region size 1024K, 40 young (40960K), 4 survivors (4096K)
 Metaspace       used 119926K, capacity 123267K, committed 123428K, reserved 1157120K
  class space    used 15099K, capacity 16376K, committed 16384K, reserved 1048576K
}
Event: 732.082 GC heap after
{Heap after GC invocations=133 (full 0):
 garbage-first heap   total 304128K, used 164698K [0x0000000080000000, 0x0000000100000000)
  region size 1024K, 5 young (5120K), 5 survivors (5120K)
 Metaspace       used 119926K, capacity 123267K, committed 123428K, reserved 1157120K
  class space    used 15099K, capacity 16376K, committed 16384K, reserved 1048576K
}
Event: 732.121 GC heap before
{Heap before GC invocations=133 (full 0):
 garbage-first heap   total 304128K, used 173914K [0x0000000080000000, 0x0000000100000000)
  region size 1024K, 14 young (14336K), 5 survivors (5120K)
 Metaspace       used 119926K, capacity 123267K, committed 123428K, reserved 1157120K
  class space    used 15099K, capacity 16376K, committed 16384K, reserved 1048576K
}
Event: 732.154 GC heap after
{Heap after GC invocations=134 (full 0):
 garbage-first heap   total 304128K, used 162739K [0x0000000080000000, 0x0000000100000000)
  region size 1024K, 2 young (2048K), 2 survivors (2048K)
 Metaspace       used 119926K, capacity 123267K, committed 123428K, reserved 1157120K
  class space    used 15099K, capacity 16376K, committed 16384K, reserved 1048576K
}
Event: 732.174 GC heap before
{Heap before GC invocations=134 (full 0):
 garbage-first heap   total 304128K, used 175027K [0x0000000080000000, 0x0000000100000000)
  region size 1024K, 15 young (15360K), 2 survivors (2048K)
 Metaspace       used 119926K, capacity 123267K, committed 123428K, reserved 1157120K
  class space    used 15099K, capacity 16376K, committed 16384K, reserved 1048576K
}
Event: 732.189 GC heap after
{Heap after GC invocations=135 (full 0):
 garbage-first heap   total 304128K, used 165402K [0x0000000080000000, 0x0000000100000000)
  region size 1024K, 5 young (5120K), 5 survivors (5120K)
 Metaspace       used 119926K, capacity 123267K, committed 123428K, reserved 1157120K
  class space    used 15099K, capacity 16376K, committed 16384K, reserved 1048576K
}
Event: 734.774 GC heap before
{Heap before GC invocations=136 (full 0):
 garbage-first heap   total 304128K, used 213530K [0x0000000080000000, 0x0000000100000000)
  region size 1024K, 47 young (48128K), 5 survivors (5120K)
 Metaspace       used 119948K, capacity 123267K, committed 123428K, reserved 1157120K
  class space    used 15099K, capacity 16376K, committed 16384K, reserved 1048576K
}

