# JRE version: OpenJDK Runtime Environment (11.0.10) (build 11.0.10+0-b96-7249189)
# Java VM: OpenJDK 64-Bit Server VM (11.0.10+0-b96-7249189, mixed mode, tiered, compressed oops, g1 gc, windows-amd64)
Heap:
 garbage-first heap   total 464896K, used 226642K [0x0000000080000000, 0x0000000100000000)
  region size 1024K, 60 young (61440K), 9 survivors (9216K)
 Metaspace       used 113282K, capacity 116340K, committed 116644K, reserved 1150976K
  class space    used 14528K, capacity 15666K, committed 15744K, reserved 1048576K
GC Heap History (20 events):
Event: 68.030 GC heap before
{Heap before GC invocations=63 (full 0):
 garbage-first heap   total 173056K, used 117332K [0x0000000080000000, 0x0000000100000000)
  region size 1024K, 8 young (8192K), 1 survivors (1024K)
 Metaspace       used 102866K, capacity 105588K, committed 105764K, reserved 1140736K
  class space    used 13527K, capacity 14577K, committed 14592K, reserved 1048576K
}
Event: 68.050 GC heap after
{Heap after GC invocations=64 (full 0):
 garbage-first heap   total 173056K, used 113664K [0x0000000080000000, 0x0000000100000000)
  region size 1024K, 1 young (1024K), 1 survivors (1024K)
 Metaspace       used 102866K, capacity 105588K, committed 105764K, reserved 1140736K
  class space    used 13527K, capacity 14577K, committed 14592K, reserved 1048576K
}
Event: 68.286 GC heap before
{Heap before GC invocations=64 (full 0):
 garbage-first heap   total 173056K, used 131072K [0x0000000080000000, 0x0000000100000000)
  region size 1024K, 18 young (18432K), 1 survivors (1024K)
 Metaspace       used 102884K, capacity 105652K, committed 105764K, reserved 1140736K
  class space    used 13527K, capacity 14577K, committed 14592K, reserved 1048576K
}
Event: 68.318 GC heap after
{Heap after GC invocations=65 (full 0):
 garbage-first heap   total 173056K, used 122880K [0x0000000080000000, 0x0000000100000000)
  region size 1024K, 3 young (3072K), 3 survivors (3072K)
 Metaspace       used 102884K, capacity 105652K, committed 105764K, reserved 1140736K
  class space    used 13527K, capacity 14577K, committed 14592K, reserved 1048576K
}
Event: 68.486 GC heap before
{Heap before GC invocations=65 (full 0):
 garbage-first heap   total 173056K, used 135168K [0x0000000080000000, 0x0000000100000000)
  region size 1024K, 16 young (16384K), 3 survivors (3072K)
 Metaspace       used 102905K, capacity 105655K, committed 105764K, reserved 1140736K
  class space    used 13527K, capacity 14577K, committed 14592K, reserved 1048576K
}
Event: 68.516 GC heap after
{Heap after GC invocations=66 (full 0):
 garbage-first heap   total 173056K, used 130560K [0x0000000080000000, 0x0000000100000000)
  region size 1024K, 2 young (2048K), 2 survivors (2048K)
 Metaspace       used 102905K, capacity 105655K, committed 105764K, reserved 1140736K
  class space    used 13527K, capacity 14577K, committed 14592K, reserved 1048576K
}
Event: 68.765 GC heap before
{Heap before GC invocations=66 (full 0):
 garbage-first heap   total 173056K, used 139776K [0x0000000080000000, 0x0000000100000000)
  region size 1024K, 12 young (12288K), 2 survivors (2048K)
 Metaspace       used 103041K, capacity 105842K, committed 106148K, reserved 1140736K
  class space    used 13537K, capacity 14614K, committed 14720K, reserved 1048576K
}
Event: 68.815 GC heap after
{Heap after GC invocations=67 (full 0):
 garbage-first heap   total 243712K, used 136192K [0x0000000080000000, 0x0000000100000000)
  region size 1024K, 2 young (2048K), 2 survivors (2048K)
 Metaspace       used 103041K, capacity 105842K, committed 106148K, reserved 1140736K
  class space    used 13537K, capacity 14614K, committed 14720K, reserved 1048576K
}
Event: 70.056 GC heap before
{Heap before GC invocations=67 (full 0):
 garbage-first heap   total 243712K, used 164864K [0x0000000080000000, 0x0000000100000000)
  region size 1024K, 30 young (30720K), 2 survivors (2048K)
 Metaspace       used 103362K, capacity 106203K, committed 106404K, reserved 1140736K
  class space    used 13584K, capacity 14685K, committed 14720K, reserved 1048576K
}
Event: 70.086 GC heap after
{Heap after GC invocations=68 (full 0):
 garbage-first heap   total 243712K, used 140288K [0x0000000080000000, 0x0000000100000000)
  region size 1024K, 4 young (4096K), 4 survivors (4096K)
 Metaspace       used 103362K, capacity 106203K, committed 106404K, reserved 1140736K
  class space    used 13584K, capacity 14685K, committed 14720K, reserved 1048576K
}
Event: 70.602 GC heap before
{Heap before GC invocations=68 (full 0):
 garbage-first heap   total 243712K, used 171008K [0x0000000080000000, 0x0000000100000000)
  region size 1024K, 34 young (34816K), 4 survivors (4096K)
 Metaspace       used 103495K, capacity 106356K, committed 106404K, reserved 1140736K
  class space    used 13590K, capacity 14690K, committed 14720K, reserved 1048576K
}
Event: 70.676 GC heap after
{Heap after GC invocations=69 (full 0):
 garbage-first heap   total 243712K, used 147204K [0x0000000080000000, 0x0000000100000000)
  region size 1024K, 5 young (5120K), 5 survivors (5120K)
 Metaspace       used 103495K, capacity 106356K, committed 106404K, reserved 1140736K
  class space    used 13590K, capacity 14690K, committed 14720K, reserved 1048576K
}
Event: 72.019 GC heap before
{Heap before GC invocations=69 (full 0):
 garbage-first heap   total 243712K, used 183044K [0x0000000080000000, 0x0000000100000000)
  region size 1024K, 35 young (35840K), 5 survivors (5120K)
 Metaspace       used 103639K, capacity 106529K, committed 106660K, reserved 1140736K
  class space    used 13596K, capacity 14699K, committed 14720K, reserved 1048576K
}
Event: 72.056 GC heap after
{Heap after GC invocations=70 (full 0):
 garbage-first heap   total 243712K, used 156585K [0x0000000080000000, 0x0000000100000000)
  region size 1024K, 5 young (5120K), 5 survivors (5120K)
 Metaspace       used 103639K, capacity 106529K, committed 106660K, reserved 1140736K
  class space    used 13596K, capacity 14699K, committed 14720K, reserved 1048576K
}
Event: 72.370 GC heap before
{Heap before GC invocations=70 (full 0):
 garbage-first heap   total 243712K, used 186281K [0x0000000080000000, 0x0000000100000000)
  region size 1024K, 33 young (33792K), 5 survivors (5120K)
 Metaspace       used 103705K, capacity 106556K, committed 106660K, reserved 1140736K
  class space    used 13600K, capacity 14706K, committed 14720K, reserved 1048576K
}
Event: 72.398 GC heap after
{Heap after GC invocations=71 (full 0):
 garbage-first heap   total 464896K, used 163900K [0x0000000080000000, 0x0000000100000000)
  region size 1024K, 5 young (5120K), 5 survivors (5120K)
 Metaspace       used 103705K, capacity 106556K, committed 106660K, reserved 1140736K
  class space    used 13600K, capacity 14706K, committed 14720K, reserved 1048576K
}
Event: 77.800 GC heap before
{Heap before GC invocations=71 (full 0):
 garbage-first heap   total 464896K, used 252988K [0x0000000080000000, 0x0000000100000000)
  region size 1024K, 86 young (88064K), 5 survivors (5120K)
 Metaspace       used 105181K, capacity 108077K, committed 108196K, reserved 1142784K
  class space    used 13778K, capacity 14877K, committed 14976K, reserved 1048576K
}
Event: 77.821 GC heap after
{Heap after GC invocations=72 (full 0):
 garbage-first heap   total 464896K, used 168687K [0x0000000080000000, 0x0000000100000000)
  region size 1024K, 9 young (9216K), 9 survivors (9216K)
 Metaspace       used 105181K, capacity 108077K, committed 108196K, reserved 1142784K
  class space    used 13778K, capacity 14877K, committed 14976K, reserved 1048576K
}
Event: 314.016 GC heap before
{Heap before GC invocations=72 (full 0):
 garbage-first heap   total 464896K, used 284399K [0x0000000080000000, 0x0000000100000000)
  region size 1024K, 103 young (105472K), 9 survivors (9216K)
 Metaspace       used 112682K, capacity 115660K, committed 115876K, reserved 1148928K
  class space    used 14520K, capacity 15652K, committed 15744K, reserved 1048576K
}
Event: 314.719 GC heap after
{Heap after GC invocations=73 (full 0):
 garbage-first heap   total 464896K, used 173394K [0x0000000080000000, 0x0000000100000000)
  region size 1024K, 9 young (9216K), 9 survivors (9216K)
 Metaspace       used 112682K, capacity 115660K, committed 115876K, reserved 1148928K
  class space    used 14520K, capacity 15652K, committed 15744K, reserved 1048576K
}

