# JRE version: OpenJDK Runtime Environment (11.0.10) (build 11.0.10+0-b96-7249189)
# Java VM: OpenJDK 64-Bit Server VM (11.0.10+0-b96-7249189, mixed mode, tiered, compressed oops, g1 gc, windows-amd64)
Heap:
 garbage-first heap   total 607232K, used 167004K [0x0000000080000000, 0x0000000100000000)
  region size 1024K, 2 young (2048K), 2 survivors (2048K)
 Metaspace       used 104323K, capacity 107116K, committed 107428K, reserved 1142784K
  class space    used 13616K, capacity 14663K, committed 14720K, reserved 1048576K
GC Heap History (20 events):
Event: 101.413 GC heap after
{Heap after GC invocations=63 (full 0):
 garbage-first heap   total 139264K, used 102400K [0x0000000080000000, 0x0000000100000000)
  region size 1024K, 2 young (2048K), 2 survivors (2048K)
 Metaspace       used 101528K, capacity 104270K, committed 104484K, reserved 1140736K
  class space    used 13211K, capacity 14252K, committed 14336K, reserved 1048576K
}
Event: 101.695 GC heap before
{Heap before GC invocations=63 (full 0):
 garbage-first heap   total 139264K, used 112640K [0x0000000080000000, 0x0000000100000000)
  region size 1024K, 13 young (13312K), 2 survivors (2048K)
 Metaspace       used 102545K, capacity 105286K, committed 105508K, reserved 1140736K
  class space    used 13493K, capacity 14527K, committed 14592K, reserved 1048576K
}
Event: 101.725 GC heap after
{Heap after GC invocations=64 (full 0):
 garbage-first heap   total 139264K, used 106909K [0x0000000080000000, 0x0000000100000000)
  region size 1024K, 2 young (2048K), 2 survivors (2048K)
 Metaspace       used 102545K, capacity 105286K, committed 105508K, reserved 1140736K
  class space    used 13493K, capacity 14527K, committed 14592K, reserved 1048576K
}
Event: 101.941 GC heap before
{Heap before GC invocations=64 (full 0):
 garbage-first heap   total 139264K, used 115101K [0x0000000080000000, 0x0000000100000000)
  region size 1024K, 10 young (10240K), 2 survivors (2048K)
 Metaspace       used 102743K, capacity 105438K, committed 105508K, reserved 1140736K
  class space    used 13496K, capacity 14530K, committed 14592K, reserved 1048576K
}
Event: 101.976 GC heap after
{Heap after GC invocations=65 (full 0):
 garbage-first heap   total 171008K, used 112005K [0x0000000080000000, 0x0000000100000000)
  region size 1024K, 2 young (2048K), 2 survivors (2048K)
 Metaspace       used 102743K, capacity 105438K, committed 105508K, reserved 1140736K
  class space    used 13496K, capacity 14530K, committed 14592K, reserved 1048576K
}
Event: 102.784 GC heap before
{Heap before GC invocations=66 (full 0):
 garbage-first heap   total 171008K, used 127365K [0x0000000080000000, 0x0000000100000000)
  region size 1024K, 18 young (18432K), 2 survivors (2048K)
 Metaspace       used 102769K, capacity 105503K, committed 105764K, reserved 1140736K
  class space    used 13496K, capacity 14530K, committed 14592K, reserved 1048576K
}
Event: 102.899 GC heap after
{Heap after GC invocations=67 (full 0):
 garbage-first heap   total 171008K, used 120667K [0x0000000080000000, 0x0000000100000000)
  region size 1024K, 3 young (3072K), 3 survivors (3072K)
 Metaspace       used 102769K, capacity 105503K, committed 105764K, reserved 1140736K
  class space    used 13496K, capacity 14530K, committed 14592K, reserved 1048576K
}
Event: 102.974 GC heap before
{Heap before GC invocations=67 (full 0):
 garbage-first heap   total 171008K, used 125787K [0x0000000080000000, 0x0000000100000000)
  region size 1024K, 8 young (8192K), 3 survivors (3072K)
 Metaspace       used 102774K, capacity 105503K, committed 105764K, reserved 1140736K
  class space    used 13496K, capacity 14530K, committed 14592K, reserved 1048576K
}
Event: 103.079 GC heap after
{Heap after GC invocations=68 (full 0):
 garbage-first heap   total 171008K, used 121856K [0x0000000080000000, 0x0000000100000000)
  region size 1024K, 1 young (1024K), 1 survivors (1024K)
 Metaspace       used 102774K, capacity 105503K, committed 105764K, reserved 1140736K
  class space    used 13496K, capacity 14530K, committed 14592K, reserved 1048576K
}
Event: 104.291 GC heap before
{Heap before GC invocations=68 (full 0):
 garbage-first heap   total 171008K, used 134144K [0x0000000080000000, 0x0000000100000000)
  region size 1024K, 14 young (14336K), 1 survivors (1024K)
 Metaspace       used 102832K, capacity 105570K, committed 105764K, reserved 1140736K
  class space    used 13496K, capacity 14530K, committed 14592K, reserved 1048576K
}
Event: 104.321 GC heap after
{Heap after GC invocations=69 (full 0):
 garbage-first heap   total 171008K, used 129280K [0x0000000080000000, 0x0000000100000000)
  region size 1024K, 2 young (2048K), 2 survivors (2048K)
 Metaspace       used 102832K, capacity 105570K, committed 105764K, reserved 1140736K
  class space    used 13496K, capacity 14530K, committed 14592K, reserved 1048576K
}
Event: 104.525 GC heap before
{Heap before GC invocations=69 (full 0):
 garbage-first heap   total 171008K, used 139520K [0x0000000080000000, 0x0000000100000000)
  region size 1024K, 12 young (12288K), 2 survivors (2048K)
 Metaspace       used 102989K, capacity 105725K, committed 106020K, reserved 1140736K
  class space    used 13502K, capacity 14532K, committed 14592K, reserved 1048576K
}
Event: 104.554 GC heap after
{Heap after GC invocations=70 (full 0):
 garbage-first heap   total 342016K, used 134144K [0x0000000080000000, 0x0000000100000000)
  region size 1024K, 2 young (2048K), 2 survivors (2048K)
 Metaspace       used 102989K, capacity 105725K, committed 106020K, reserved 1140736K
  class space    used 13502K, capacity 14532K, committed 14592K, reserved 1048576K
}
Event: 105.755 GC heap before
{Heap before GC invocations=70 (full 0):
 garbage-first heap   total 342016K, used 167936K [0x0000000080000000, 0x0000000100000000)
  region size 1024K, 36 young (36864K), 2 survivors (2048K)
 Metaspace       used 103157K, capacity 105879K, committed 106020K, reserved 1140736K
  class space    used 13506K, capacity 14534K, committed 14592K, reserved 1048576K
}
Event: 105.830 GC heap after
{Heap after GC invocations=71 (full 0):
 garbage-first heap   total 342016K, used 143145K [0x0000000080000000, 0x0000000100000000)
  region size 1024K, 5 young (5120K), 5 survivors (5120K)
 Metaspace       used 103157K, capacity 105879K, committed 106020K, reserved 1140736K
  class space    used 13506K, capacity 14534K, committed 14592K, reserved 1048576K
}
Event: 109.251 GC heap before
{Heap before GC invocations=71 (full 0):
 garbage-first heap   total 342016K, used 180009K [0x0000000080000000, 0x0000000100000000)
  region size 1024K, 36 young (36864K), 5 survivors (5120K)
 Metaspace       used 103310K, capacity 106064K, committed 106276K, reserved 1140736K
  class space    used 13513K, capacity 14545K, committed 14592K, reserved 1048576K
}
Event: 109.343 GC heap after
{Heap after GC invocations=72 (full 0):
 garbage-first heap   total 342016K, used 154624K [0x0000000080000000, 0x0000000100000000)
  region size 1024K, 5 young (5120K), 5 survivors (5120K)
 Metaspace       used 103310K, capacity 106064K, committed 106276K, reserved 1140736K
  class space    used 13513K, capacity 14545K, committed 14592K, reserved 1048576K
}
Event: 109.828 GC heap before
{Heap before GC invocations=72 (full 0):
 garbage-first heap   total 342016K, used 198656K [0x0000000080000000, 0x0000000100000000)
  region size 1024K, 47 young (48128K), 5 survivors (5120K)
 Metaspace       used 103377K, capacity 106097K, committed 106276K, reserved 1140736K
  class space    used 13518K, capacity 14554K, committed 14592K, reserved 1048576K
}
Event: 109.864 GC heap after
{Heap after GC invocations=73 (full 0):
 garbage-first heap   total 342016K, used 163840K [0x0000000080000000, 0x0000000100000000)
  region size 1024K, 6 young (6144K), 6 survivors (6144K)
 Metaspace       used 103377K, capacity 106097K, committed 106276K, reserved 1140736K
  class space    used 13518K, capacity 14554K, committed 14592K, reserved 1048576K
}
Event: 113.631 GC heap before
{Heap before GC invocations=73 (full 0):
 garbage-first heap   total 342016K, used 225280K [0x0000000080000000, 0x0000000100000000)
  region size 1024K, 59 young (60416K), 6 survivors (6144K)
 Metaspace       used 104323K, capacity 107116K, committed 107428K, reserved 1142784K
  class space    used 13616K, capacity 14663K, committed 14720K, reserved 1048576K
}

