# JRE version: OpenJDK Runtime Environment (11.0.10) (build 11.0.10+0-b96-7249189)
# Java VM: OpenJDK 64-Bit Server VM (11.0.10+0-b96-7249189, mixed mode, tiered, compressed oops, g1 gc, windows-amd64)
Heap:
 garbage-first heap   total 640000K, used 167168K [0x0000000080000000, 0x0000000100000000)
  region size 1024K, 2 young (2048K), 2 survivors (2048K)
 Metaspace       used 119753K, capacity 122729K, committed 123044K, reserved 1157120K
  class space    used 14983K, capacity 16128K, committed 16256K, reserved 1048576K
GC Heap History (20 events):
Event: 920.427 GC heap after
{Heap after GC invocations=95 (full 0):
 garbage-first heap   total 278528K, used 179708K [0x0000000080000000, 0x0000000100000000)
  region size 1024K, 4 young (4096K), 4 survivors (4096K)
 Metaspace       used 114882K, capacity 117654K, committed 117796K, reserved 1150976K
  class space    used 14471K, capacity 15506K, committed 15616K, reserved 1048576K
}
Event: 923.087 GC heap before
{Heap before GC invocations=95 (full 0):
 garbage-first heap   total 278528K, used 226812K [0x0000000080000000, 0x0000000100000000)
  region size 1024K, 51 young (52224K), 4 survivors (4096K)
 Metaspace       used 118769K, capacity 121811K, committed 122020K, reserved 1155072K
  class space    used 14975K, capacity 16133K, committed 16256K, reserved 1048576K
}
Event: 923.133 GC heap after
{Heap after GC invocations=96 (full 0):
 garbage-first heap   total 278528K, used 188416K [0x0000000080000000, 0x0000000100000000)
  region size 1024K, 7 young (7168K), 7 survivors (7168K)
 Metaspace       used 118769K, capacity 121811K, committed 122020K, reserved 1155072K
  class space    used 14975K, capacity 16133K, committed 16256K, reserved 1048576K
}
Event: 925.060 GC heap before
{Heap before GC invocations=96 (full 0):
 garbage-first heap   total 278528K, used 245760K [0x0000000080000000, 0x0000000100000000)
  region size 1024K, 48 young (49152K), 7 survivors (7168K)
 Metaspace       used 119764K, capacity 122765K, committed 123044K, reserved 1157120K
  class space    used 14990K, capacity 16141K, committed 16256K, reserved 1048576K
}
Event: 925.101 GC heap after
{Heap after GC invocations=97 (full 0):
 garbage-first heap   total 278528K, used 200675K [0x0000000080000000, 0x0000000100000000)
  region size 1024K, 4 young (4096K), 4 survivors (4096K)
 Metaspace       used 119764K, capacity 122765K, committed 123044K, reserved 1157120K
  class space    used 14990K, capacity 16141K, committed 16256K, reserved 1048576K
}
Event: 925.370 GC heap before
{Heap before GC invocations=97 (full 0):
 garbage-first heap   total 278528K, used 235491K [0x0000000080000000, 0x0000000100000000)
  region size 1024K, 39 young (39936K), 4 survivors (4096K)
 Metaspace       used 119769K, capacity 122765K, committed 123044K, reserved 1157120K
  class space    used 14990K, capacity 16141K, committed 16256K, reserved 1048576K
}
Event: 925.477 GC heap after
{Heap after GC invocations=98 (full 0):
 garbage-first heap   total 278528K, used 216576K [0x0000000080000000, 0x0000000100000000)
  region size 1024K, 5 young (5120K), 5 survivors (5120K)
 Metaspace       used 119769K, capacity 122765K, committed 123044K, reserved 1157120K
  class space    used 14990K, capacity 16141K, committed 16256K, reserved 1048576K
}
Event: 925.779 GC heap before
{Heap before GC invocations=98 (full 0):
 garbage-first heap   total 278528K, used 233984K [0x0000000080000000, 0x0000000100000000)
  region size 1024K, 23 young (23552K), 5 survivors (5120K)
 Metaspace       used 119772K, capacity 122765K, committed 123044K, reserved 1157120K
  class space    used 14990K, capacity 16141K, committed 16256K, reserved 1048576K
}
Event: 925.847 GC heap after
{Heap after GC invocations=99 (full 0):
 garbage-first heap   total 278528K, used 227328K [0x0000000080000000, 0x0000000100000000)
  region size 1024K, 3 young (3072K), 3 survivors (3072K)
 Metaspace       used 119772K, capacity 122765K, committed 123044K, reserved 1157120K
  class space    used 14990K, capacity 16141K, committed 16256K, reserved 1048576K
}
Event: 926.290 GC heap before
{Heap before GC invocations=99 (full 0):
 garbage-first heap   total 278528K, used 236544K [0x0000000080000000, 0x0000000100000000)
  region size 1024K, 13 young (13312K), 3 survivors (3072K)
 Metaspace       used 119773K, capacity 122765K, committed 123044K, reserved 1157120K
  class space    used 14990K, capacity 16141K, committed 16256K, reserved 1048576K
}
Event: 926.320 GC heap after
{Heap after GC invocations=100 (full 0):
 garbage-first heap   total 278528K, used 233472K [0x0000000080000000, 0x0000000100000000)
  region size 1024K, 2 young (2048K), 2 survivors (2048K)
 Metaspace       used 119773K, capacity 122765K, committed 123044K, reserved 1157120K
  class space    used 14990K, capacity 16141K, committed 16256K, reserved 1048576K
}
Event: 927.160 GC heap before
{Heap before GC invocations=100 (full 0):
 garbage-first heap   total 278528K, used 185344K [0x0000000080000000, 0x0000000100000000)
  region size 1024K, 13 young (13312K), 2 survivors (2048K)
 Metaspace       used 119753K, capacity 122729K, committed 123044K, reserved 1157120K
  class space    used 14983K, capacity 16128K, committed 16256K, reserved 1048576K
}
Event: 928.102 GC heap after
{Heap after GC invocations=101 (full 0):
 garbage-first heap   total 278528K, used 181248K [0x0000000080000000, 0x0000000100000000)
  region size 1024K, 2 young (2048K), 2 survivors (2048K)
 Metaspace       used 119753K, capacity 122729K, committed 123044K, reserved 1157120K
  class space    used 14983K, capacity 16128K, committed 16256K, reserved 1048576K
}
Event: 928.680 GC heap before
{Heap before GC invocations=102 (full 0):
 garbage-first heap   total 278528K, used 210944K [0x0000000080000000, 0x0000000100000000)
  region size 1024K, 32 young (32768K), 2 survivors (2048K)
 Metaspace       used 119753K, capacity 122729K, committed 123044K, reserved 1157120K
  class space    used 14983K, capacity 16128K, committed 16256K, reserved 1048576K
}
Event: 929.022 GC heap after
{Heap after GC invocations=103 (full 0):
 garbage-first heap   total 278528K, used 188928K [0x0000000080000000, 0x0000000100000000)
  region size 1024K, 4 young (4096K), 4 survivors (4096K)
 Metaspace       used 119753K, capacity 122729K, committed 123044K, reserved 1157120K
  class space    used 14983K, capacity 16128K, committed 16256K, reserved 1048576K
}
Event: 929.147 GC heap before
{Heap before GC invocations=103 (full 0):
 garbage-first heap   total 278528K, used 198144K [0x0000000080000000, 0x0000000100000000)
  region size 1024K, 13 young (13312K), 4 survivors (4096K)
 Metaspace       used 119753K, capacity 122729K, committed 123044K, reserved 1157120K
  class space    used 14983K, capacity 16128K, committed 16256K, reserved 1048576K
}
Event: 929.400 GC heap after
{Heap after GC invocations=104 (full 0):
 garbage-first heap   total 278528K, used 164864K [0x0000000080000000, 0x0000000100000000)
  region size 1024K, 2 young (2048K), 2 survivors (2048K)
 Metaspace       used 119753K, capacity 122729K, committed 123044K, reserved 1157120K
  class space    used 14983K, capacity 16128K, committed 16256K, reserved 1048576K
}
Event: 929.773 GC heap before
{Heap before GC invocations=104 (full 0):
 garbage-first heap   total 278528K, used 179200K [0x0000000080000000, 0x0000000100000000)
  region size 1024K, 13 young (13312K), 2 survivors (2048K)
 Metaspace       used 119753K, capacity 122729K, committed 123044K, reserved 1157120K
  class space    used 14983K, capacity 16128K, committed 16256K, reserved 1048576K
}
Event: 930.093 GC heap after
{Heap after GC invocations=105 (full 0):
 garbage-first heap   total 278528K, used 162776K [0x0000000080000000, 0x0000000100000000)
  region size 1024K, 2 young (2048K), 2 survivors (2048K)
 Metaspace       used 119753K, capacity 122729K, committed 123044K, reserved 1157120K
  class space    used 14983K, capacity 16128K, committed 16256K, reserved 1048576K
}
Event: 930.378 GC heap before
{Heap before GC invocations=105 (full 0):
 garbage-first heap   total 278528K, used 175064K [0x0000000080000000, 0x0000000100000000)
  region size 1024K, 13 young (13312K), 2 survivors (2048K)
 Metaspace       used 119753K, capacity 122729K, committed 123044K, reserved 1157120K
  class space    used 14983K, capacity 16128K, committed 16256K, reserved 1048576K
}

